mode: set
immersive_project/klp3/features/classes/service/logic.go:17.52,19.15 2 1
immersive_project/klp3/features/classes/service/logic.go:19.15,21.3 1 1
immersive_project/klp3/features/classes/service/logic.go:22.2,22.12 1 1
immersive_project/klp3/features/classes/service/logic.go:26.79,28.16 2 1
immersive_project/klp3/features/classes/service/logic.go:28.16,30.3 1 1
immersive_project/klp3/features/classes/service/logic.go:31.2,31.18 1 1
immersive_project/klp3/features/classes/service/logic.go:35.82,37.16 2 1
immersive_project/klp3/features/classes/service/logic.go:37.16,39.3 1 1
immersive_project/klp3/features/classes/service/logic.go:41.2,41.12 1 1
immersive_project/klp3/features/classes/service/logic.go:45.96,47.16 2 1
immersive_project/klp3/features/classes/service/logic.go:47.16,49.3 1 1
immersive_project/klp3/features/classes/service/logic.go:50.2,52.15 3 1
immersive_project/klp3/features/classes/service/logic.go:52.15,54.3 1 1
immersive_project/klp3/features/classes/service/logic.go:54.7,56.3 1 1
immersive_project/klp3/features/classes/service/logic.go:58.2,58.26 1 1
immersive_project/klp3/features/classes/service/logic.go:62.72,65.24 3 1
immersive_project/klp3/features/classes/service/logic.go:65.24,67.3 1 1
immersive_project/klp3/features/classes/service/logic.go:68.2,70.22 3 1
immersive_project/klp3/features/classes/service/logic.go:70.22,72.3 1 1
immersive_project/klp3/features/classes/service/logic.go:74.2,74.12 1 1
immersive_project/klp3/features/classes/service/logic.go:77.74,82.2 1 1
